172
2 93 9 
2 196 39 
2 286 49 
2 420 57 
2 12 46 
2 165 100 
2 482 66 
2 21 497 
2 299 90 
2 322 203 
2 454 294 
2 86 117 
2 212 218 
2 358 230 
2 11 348 
2 73 407 
2 156 231 
2 182 147 
2 301 392 
2 410 459 
2 484 431 
2 38 20 
2 108 438 
2 155 166 
2 261 405 
2 310 474 
2 376 452 
2 451 151 
2 19 164 
2 181 356 
2 273 200 
2 311 207 
2 409 245 
2 499 251 
2 284 285 
2 341 359 
2 377 378 
2 425 468 
2 450 98 
2 94 127 
2 135 140 
2 167 168 
2 184 191 
2 211 220 
2 227 239 
2 257 260 
2 281 291 
2 309 314 
2 318 321 
2 335 338 
2 344 349 
2 354 366 
2 380 381 
2 389 393 
2 406 408 
2 417 418 
2 436 440 
2 464 465 
2 471 476 
2 480 481 
2 483 485 
2 487 488 
2 489 491 
2 493 496 
3 35 4 22 
3 190 37 26 
3 252 43 29 
3 369 53 36 
3 441 62 41 
3 47 80 45 
3 326 56 59 
3 14 422 76 
3 279 71 79 
3 315 192 92 
3 421 163 101 
3 17 139 149 
3 189 162 235 
3 352 276 242 
3 492 263 351 
3 72 362 388 
3 141 292 67 
3 170 391 394 
3 266 397 399 
3 337 467 429 
3 462 424 472 
3 0 442 449 
3 52 221 75 
3 113 5 119 
3 234 444 187 
3 298 199 124 
3 350 360 129 
3 448 148 144 
3 475 160 193 
3 60 433 185 
3 249 198 396 
3 288 385 237 
3 367 244 473 
3 430 455 269 
3 267 280 282 
3 295 307 325 
3 363 365 411 
3 390 453 82 
3 446 88 96 
3 494 125 126 
3 110 131 137 
3 150 157 161 
3 178 179 183 
3 205 209 216 
3 223 229 232 
3 250 253 255 
3 275 287 290 
3 303 305 308 
3 312 316 317 
3 323 327 331 
3 340 342 343 
3 346 355 357 
3 368 370 374 
3 382 383 386 
3 398 402 404 
3 413 415 416 
3 426 428 435 
3 456 457 458 
3 466 469 470 
3 477 478 479 
4 28 2 16 3 
4 97 30 25 6 
4 197 42 27 8 
4 333 51 32 10 
4 423 58 40 13 
4 33 70 44 18 
4 300 50 54 23 
4 1 121 69 24 
4 256 31 78 55 
4 306 159 81 65 
4 330 268 95 89 
4 7 91 99 105 
4 154 345 177 123 
4 334 188 180 201 
4 414 283 278 214 
4 64 225 336 302 
4 120 219 63 104 
4 158 328 364 353 
4 213 400 375 384 
4 319 412 427 403 
4 443 240 68 106 
4 495 175 74 107 
4 48 437 236 109 
4 111 486 77 112 
4 210 439 132 114 
4 264 447 15 115 
4 329 128 116 371 
4 434 136 138 61 
4 463 258 152 153 
4 34 324 172 174 
4 208 186 271 195 
4 277 445 217 204 
4 320 226 387 233 
4 419 498 274 247 
4 254 259 339 347 
4 289 304 332 395 
4 361 372 373 490 
4 379 401 460 83 
4 432 84 85 87 
4 461 102 118 122 
4 103 130 133 134 
4 142 143 145 146 
4 169 171 173 176 
4 194 202 206 215 
4 222 224 228 238 
4 241 243 246 248 
4 262 265 270 272 
4 293 296 297 313 
