1628
2 7 8 
2 16 17 
2 25 26 
2 34 35 
2 43 44 
2 52 53 
2 61 62 
2 70 71 
2 79 80 
2 88 89 
2 97 98 
2 106 107 
2 115 116 
2 124 125 
2 133 134 
2 142 143 
2 151 152 
2 160 161 
2 169 170 
2 178 179 
2 187 188 
2 196 197 
2 205 206 
2 214 215 
2 223 224 
2 232 233 
2 241 242 
2 250 251 
2 259 260 
2 268 269 
2 277 278 
2 286 287 
2 295 296 
2 304 305 
2 313 314 
2 322 323 
2 331 332 
2 340 341 
2 349 350 
2 358 359 
2 367 368 
2 376 377 
2 385 386 
2 394 395 
2 403 404 
2 412 413 
2 421 422 
2 430 431 
2 439 440 
2 448 449 
2 457 458 
2 466 467 
2 475 476 
2 484 485 
2 493 494 
2 502 503 
2 511 512 
2 520 521 
2 529 530 
2 538 539 
2 547 548 
2 556 557 
2 565 566 
2 574 575 
2 583 584 
2 592 593 
2 601 602 
2 610 611 
2 619 620 
2 628 629 
2 637 638 
2 646 647 
2 655 656 
2 664 665 
2 673 674 
2 682 683 
2 691 692 
2 700 701 
2 709 710 
2 718 719 
2 727 728 
2 736 737 
2 745 746 
2 754 755 
2 763 764 
2 772 773 
2 781 782 
2 790 791 
2 799 800 
2 808 809 
2 817 818 
2 826 827 
2 835 836 
2 844 845 
2 853 854 
2 862 863 
2 871 872 
2 880 881 
2 889 890 
2 898 899 
2 907 908 
2 916 917 
2 925 926 
2 934 935 
2 943 944 
2 952 953 
2 961 962 
2 970 971 
2 979 980 
2 988 989 
2 997 998 
2 1006 1007 
2 1015 1016 
2 1024 1025 
2 1033 1034 
2 1042 1043 
2 1051 1052 
2 1060 1061 
2 1069 1070 
2 1078 1079 
2 1087 1088 
2 1096 1097 
2 1105 1106 
2 1114 1115 
2 1123 1124 
2 1132 1133 
2 1141 1142 
2 1150 1151 
2 1159 1160 
2 1168 1169 
2 1177 1178 
2 1186 1187 
2 1195 1196 
2 1204 1205 
2 1213 1214 
2 1222 1223 
2 1231 1232 
2 1240 1241 
2 1249 1250 
2 1258 1259 
2 1267 1268 
2 1276 1277 
2 1285 1286 
2 1294 1295 
2 1303 1304 
2 1312 1313 
2 1321 1322 
2 1330 1331 
2 1339 1340 
2 1348 1349 
2 1357 1358 
2 1366 1367 
2 1375 1376 
2 1384 1385 
2 1393 1394 
2 1402 1403 
2 1411 1412 
2 1420 1421 
2 1429 1430 
2 1438 1439 
2 1447 1448 
2 1456 1457 
2 1465 1466 
2 1474 1475 
2 1483 1484 
2 1492 1493 
2 1501 1502 
2 1510 1511 
2 1519 1520 
2 1528 1529 
2 1537 1538 
2 1546 1547 
2 1555 1556 
2 1564 1565 
2 1573 1574 
2 1582 1583 
2 1591 1592 
2 1600 1601 
2 1609 1610 
2 1618 1619 
2 1627 1628 
2 1636 1637 
2 1645 1646 
2 1654 1655 
2 1663 1664 
2 1672 1673 
2 1681 1682 
2 1690 1691 
2 1699 1700 
2 1708 1709 
2 1717 1718 
2 1726 1727 
2 1735 1736 
2 1744 1745 
2 1753 1754 
2 1762 1763 
2 1771 1772 
2 1780 1781 
2 1789 1790 
2 1798 1799 
2 1807 1808 
2 1816 1817 
2 1825 1826 
2 1834 1835 
2 1843 1844 
2 1852 1853 
2 1861 1862 
2 1870 1871 
2 1879 1880 
2 1888 1889 
2 1897 1898 
2 1906 1907 
2 1915 1916 
2 1924 1925 
2 1933 1934 
2 1942 1943 
2 1951 1952 
2 1960 1961 
2 1969 1970 
2 1978 1979 
2 1987 1988 
2 1996 1997 
2 2005 2006 
2 2014 2015 
2 2023 2024 
2 2032 2033 
2 2041 2042 
2 2050 2051 
2 2059 2060 
2 2068 2069 
2 2077 2078 
2 2086 2087 
2 2095 2096 
2 2104 2105 
2 2113 2114 
2 2122 2123 
2 2131 2132 
2 2140 2141 
2 2149 2150 
2 2158 2159 
2 2167 2168 
2 2176 2177 
2 2185 2186 
2 2194 2195 
2 2203 2204 
2 2212 2213 
2 2221 2222 
2 2230 2231 
2 2239 2240 
2 2248 2249 
2 2257 2258 
2 2266 2267 
2 2275 2276 
2 2284 2285 
2 2293 2294 
2 2302 2303 
2 2311 2312 
2 2320 2321 
2 2329 2330 
2 2338 2339 
2 2347 2348 
2 2356 2357 
2 2365 2366 
2 2374 2375 
2 2383 2384 
2 2392 2393 
2 2401 2402 
2 2410 2411 
2 2419 2420 
2 2428 2429 
2 2437 2438 
2 2446 2447 
2 2455 2456 
2 2464 2465 
2 2473 2474 
2 2482 2483 
2 2491 2492 
2 2500 2501 
2 2509 2510 
2 2518 2519 
2 2527 2528 
2 2536 2537 
2 2545 2546 
2 2554 2555 
2 2563 2564 
2 2572 2573 
2 2581 2582 
2 2590 2591 
2 2599 2600 
2 2608 2609 
2 2617 2618 
2 2626 2627 
2 2635 2636 
2 2644 2645 
2 2653 2654 
2 2662 2663 
2 2671 2672 
2 2680 2681 
2 2689 2690 
2 2698 2699 
2 2707 2708 
2 2716 2717 
2 2725 2726 
2 2734 2735 
2 2743 2744 
2 2752 2753 
2 2761 2762 
2 2770 2771 
2 2779 2780 
2 2788 2789 
2 2797 2798 
2 2806 2807 
2 2815 2816 
2 2824 2825 
2 2833 2834 
2 2842 2843 
2 2851 2852 
2 2860 2861 
2 2869 2870 
2 2878 2879 
2 2887 2888 
2 2896 2897 
2 2905 2906 
2 2914 2915 
2 2923 2924 
2 2932 2933 
2 2941 2942 
2 2950 2951 
2 2959 2960 
2 2968 2969 
2 2977 2978 
2 2986 2987 
2 2995 2996 
2 3004 3005 
2 3013 3014 
2 3022 3023 
2 3031 3032 
2 3040 3041 
2 3049 3050 
2 3058 3059 
2 3067 3068 
2 3076 3077 
2 3085 3086 
2 3094 3095 
2 3103 3104 
2 3112 3113 
2 3121 3122 
2 3130 3131 
2 3139 3140 
2 3148 3149 
2 3157 3158 
2 3166 3167 
2 3175 3176 
2 3184 3185 
2 3193 3194 
2 3202 3203 
2 3211 3212 
2 3220 3221 
2 3229 3230 
2 3238 3239 
2 3247 3248 
2 3256 3257 
2 3265 3266 
2 3274 3275 
2 3283 3284 
2 3292 3293 
2 3301 3302 
2 3310 3311 
2 3319 3320 
2 3328 3329 
2 3337 3338 
2 3346 3347 
2 3355 3356 
2 3364 3365 
2 3373 3374 
2 3382 3383 
2 3391 3392 
2 3400 3401 
2 3409 3410 
2 3418 3419 
2 3427 3428 
2 3436 3437 
2 3445 3446 
2 3454 3455 
2 3463 3464 
2 3472 3473 
2 3481 3482 
2 3490 3491 
2 3499 3500 
2 3508 3509 
2 3517 3518 
2 3526 3527 
2 3535 3536 
2 3544 3545 
2 3553 3554 
2 3562 3563 
2 3571 3572 
2 3580 3581 
2 3589 3590 
2 3598 3599 
2 3607 3608 
2 3616 3617 
2 3625 3626 
2 3634 3635 
2 3643 3644 
2 3652 3653 
2 3661 3662 
2 3670 3671 
2 3679 3680 
2 3688 3689 
2 3697 3698 
2 3706 3707 
2 3715 3716 
2 3724 3725 
2 3733 3734 
2 3742 3743 
2 3751 3752 
2 3760 3761 
2 3769 3770 
2 3778 3779 
2 3787 3788 
2 3796 3797 
2 3805 3806 
2 3814 3815 
2 3823 3824 
2 3832 3833 
2 3841 3842 
2 3850 3851 
2 3859 3860 
2 3868 3869 
2 3877 3878 
2 3886 3887 
2 3895 3896 
2 3904 3905 
2 3913 3914 
2 3922 3923 
2 3931 3932 
2 3940 3941 
2 3949 3950 
2 3958 3959 
2 3967 3968 
2 3976 3977 
2 3985 3986 
2 3994 3995 
2 4003 4004 
2 4012 4013 
2 4021 4022 
2 4030 4031 
2 4039 4040 
2 4048 4049 
2 4057 4058 
2 4066 4067 
2 4075 4076 
2 4084 4085 
2 4093 4094 
2 4102 4103 
2 4111 4112 
2 4120 4121 
2 4129 4130 
2 4138 4139 
2 4147 4148 
2 4156 4157 
2 4165 4166 
2 4174 4175 
2 4183 4184 
2 4192 4193 
2 4201 4202 
2 4210 4211 
2 4219 4220 
2 4228 4229 
2 4237 4238 
2 4246 4247 
2 4255 4256 
2 4264 4265 
2 4273 4274 
2 4282 4283 
2 4291 4292 
2 4300 4301 
2 4309 4310 
2 4318 4319 
2 4327 4328 
2 4336 4337 
2 4345 4346 
2 4354 4355 
2 4363 4364 
2 4372 4373 
2 4381 4382 
2 4390 4391 
2 4399 4400 
2 4408 4409 
2 4417 4418 
2 4426 4427 
2 4435 4436 
2 4444 4445 
2 4453 4454 
2 4462 4463 
2 4471 4472 
2 4480 4481 
2 4489 4490 
2 4498 4499 
2 4507 4508 
2 4516 4517 
2 4525 4526 
2 4534 4535 
3 4 5 6 
3 13 14 15 
3 22 23 24 
3 31 32 33 
3 40 41 42 
3 49 50 51 
3 58 59 60 
3 67 68 69 
3 76 77 78 
3 85 86 87 
3 94 95 96 
3 103 104 105 
3 112 113 114 
3 121 122 123 
3 130 131 132 
3 139 140 141 
3 148 149 150 
3 157 158 159 
3 166 167 168 
3 175 176 177 
3 184 185 186 
3 193 194 195 
3 202 203 204 
3 211 212 213 
3 220 221 222 
3 229 230 231 
3 238 239 240 
3 247 248 249 
3 256 257 258 
3 265 266 267 
3 274 275 276 
3 283 284 285 
3 292 293 294 
3 301 302 303 
3 310 311 312 
3 319 320 321 
3 328 329 330 
3 337 338 339 
3 346 347 348 
3 355 356 357 
3 364 365 366 
3 373 374 375 
3 382 383 384 
3 391 392 393 
3 400 401 402 
3 409 410 411 
3 418 419 420 
3 427 428 429 
3 436 437 438 
3 445 446 447 
3 454 455 456 
3 463 464 465 
3 472 473 474 
3 481 482 483 
3 490 491 492 
3 499 500 501 
3 508 509 510 
3 517 518 519 
3 526 527 528 
3 535 536 537 
3 544 545 546 
3 553 554 555 
3 562 563 564 
3 571 572 573 
3 580 581 582 
3 589 590 591 
3 598 599 600 
3 607 608 609 
3 616 617 618 
3 625 626 627 
3 634 635 636 
3 643 644 645 
3 652 653 654 
3 661 662 663 
3 670 671 672 
3 679 680 681 
3 688 689 690 
3 697 698 699 
3 706 707 708 
3 715 716 717 
3 724 725 726 
3 733 734 735 
3 742 743 744 
3 751 752 753 
3 760 761 762 
3 769 770 771 
3 778 779 780 
3 787 788 789 
3 796 797 798 
3 805 806 807 
3 814 815 816 
3 823 824 825 
3 832 833 834 
3 841 842 843 
3 850 851 852 
3 859 860 861 
3 868 869 870 
3 877 878 879 
3 886 887 888 
3 895 896 897 
3 904 905 906 
3 913 914 915 
3 922 923 924 
3 931 932 933 
3 940 941 942 
3 949 950 951 
3 958 959 960 
3 967 968 969 
3 976 977 978 
3 985 986 987 
3 994 995 996 
3 1003 1004 1005 
3 1012 1013 1014 
3 1021 1022 1023 
3 1030 1031 1032 
3 1039 1040 1041 
3 1048 1049 1050 
3 1057 1058 1059 
3 1066 1067 1068 
3 1075 1076 1077 
3 1084 1085 1086 
3 1093 1094 1095 
3 1102 1103 1104 
3 1111 1112 1113 
3 1120 1121 1122 
3 1129 1130 1131 
3 1138 1139 1140 
3 1147 1148 1149 
3 1156 1157 1158 
3 1165 1166 1167 
3 1174 1175 1176 
3 1183 1184 1185 
3 1192 1193 1194 
3 1201 1202 1203 
3 1210 1211 1212 
3 1219 1220 1221 
3 1228 1229 1230 
3 1237 1238 1239 
3 1246 1247 1248 
3 1255 1256 1257 
3 1264 1265 1266 
3 1273 1274 1275 
3 1282 1283 1284 
3 1291 1292 1293 
3 1300 1301 1302 
3 1309 1310 1311 
3 1318 1319 1320 
3 1327 1328 1329 
3 1336 1337 1338 
3 1345 1346 1347 
3 1354 1355 1356 
3 1363 1364 1365 
3 1372 1373 1374 
3 1381 1382 1383 
3 1390 1391 1392 
3 1399 1400 1401 
3 1408 1409 1410 
3 1417 1418 1419 
3 1426 1427 1428 
3 1435 1436 1437 
3 1444 1445 1446 
3 1453 1454 1455 
3 1462 1463 1464 
3 1471 1472 1473 
3 1480 1481 1482 
3 1489 1490 1491 
3 1498 1499 1500 
3 1507 1508 1509 
3 1516 1517 1518 
3 1525 1526 1527 
3 1534 1535 1536 
3 1543 1544 1545 
3 1552 1553 1554 
3 1561 1562 1563 
3 1570 1571 1572 
3 1579 1580 1581 
3 1588 1589 1590 
3 1597 1598 1599 
3 1606 1607 1608 
3 1615 1616 1617 
3 1624 1625 1626 
3 1633 1634 1635 
3 1642 1643 1644 
3 1651 1652 1653 
3 1660 1661 1662 
3 1669 1670 1671 
3 1678 1679 1680 
3 1687 1688 1689 
3 1696 1697 1698 
3 1705 1706 1707 
3 1714 1715 1716 
3 1723 1724 1725 
3 1732 1733 1734 
3 1741 1742 1743 
3 1750 1751 1752 
3 1759 1760 1761 
3 1768 1769 1770 
3 1777 1778 1779 
3 1786 1787 1788 
3 1795 1796 1797 
3 1804 1805 1806 
3 1813 1814 1815 
3 1822 1823 1824 
3 1831 1832 1833 
3 1840 1841 1842 
3 1849 1850 1851 
3 1858 1859 1860 
3 1867 1868 1869 
3 1876 1877 1878 
3 1885 1886 1887 
3 1894 1895 1896 
3 1903 1904 1905 
3 1912 1913 1914 
3 1921 1922 1923 
3 1930 1931 1932 
3 1939 1940 1941 
3 1948 1949 1950 
3 1957 1958 1959 
3 1966 1967 1968 
3 1975 1976 1977 
3 1984 1985 1986 
3 1993 1994 1995 
3 2002 2003 2004 
3 2011 2012 2013 
3 2020 2021 2022 
3 2029 2030 2031 
3 2038 2039 2040 
3 2047 2048 2049 
3 2056 2057 2058 
3 2065 2066 2067 
3 2074 2075 2076 
3 2083 2084 2085 
3 2092 2093 2094 
3 2101 2102 2103 
3 2110 2111 2112 
3 2119 2120 2121 
3 2128 2129 2130 
3 2137 2138 2139 
3 2146 2147 2148 
3 2155 2156 2157 
3 2164 2165 2166 
3 2173 2174 2175 
3 2182 2183 2184 
3 2191 2192 2193 
3 2200 2201 2202 
3 2209 2210 2211 
3 2218 2219 2220 
3 2227 2228 2229 
3 2236 2237 2238 
3 2245 2246 2247 
3 2254 2255 2256 
3 2263 2264 2265 
3 2272 2273 2274 
3 2281 2282 2283 
3 2290 2291 2292 
3 2299 2300 2301 
3 2308 2309 2310 
3 2317 2318 2319 
3 2326 2327 2328 
3 2335 2336 2337 
3 2344 2345 2346 
3 2353 2354 2355 
3 2362 2363 2364 
3 2371 2372 2373 
3 2380 2381 2382 
3 2389 2390 2391 
3 2398 2399 2400 
3 2407 2408 2409 
3 2416 2417 2418 
3 2425 2426 2427 
3 2434 2435 2436 
3 2443 2444 2445 
3 2452 2453 2454 
3 2461 2462 2463 
3 2470 2471 2472 
3 2479 2480 2481 
3 2488 2489 2490 
3 2497 2498 2499 
3 2506 2507 2508 
3 2515 2516 2517 
3 2524 2525 2526 
3 2533 2534 2535 
3 2542 2543 2544 
3 2551 2552 2553 
3 2560 2561 2562 
3 2569 2570 2571 
3 2578 2579 2580 
3 2587 2588 2589 
3 2596 2597 2598 
3 2605 2606 2607 
3 2614 2615 2616 
3 2623 2624 2625 
3 2632 2633 2634 
3 2641 2642 2643 
3 2650 2651 2652 
3 2659 2660 2661 
3 2668 2669 2670 
3 2677 2678 2679 
3 2686 2687 2688 
3 2695 2696 2697 
3 2704 2705 2706 
3 2713 2714 2715 
3 2722 2723 2724 
3 2731 2732 2733 
3 2740 2741 2742 
3 2749 2750 2751 
3 2758 2759 2760 
3 2767 2768 2769 
3 2776 2777 2778 
3 2785 2786 2787 
3 2794 2795 2796 
3 2803 2804 2805 
3 2812 2813 2814 
3 2821 2822 2823 
3 2830 2831 2832 
3 2839 2840 2841 
3 2848 2849 2850 
3 2857 2858 2859 
3 2866 2867 2868 
3 2875 2876 2877 
3 2884 2885 2886 
3 2893 2894 2895 
3 2902 2903 2904 
3 2911 2912 2913 
3 2920 2921 2922 
3 2929 2930 2931 
3 2938 2939 2940 
3 2947 2948 2949 
3 2956 2957 2958 
3 2965 2966 2967 
3 2974 2975 2976 
3 2983 2984 2985 
3 2992 2993 2994 
3 3001 3002 3003 
3 3010 3011 3012 
3 3019 3020 3021 
3 3028 3029 3030 
3 3037 3038 3039 
3 3046 3047 3048 
3 3055 3056 3057 
3 3064 3065 3066 
3 3073 3074 3075 
3 3082 3083 3084 
3 3091 3092 3093 
3 3100 3101 3102 
3 3109 3110 3111 
3 3118 3119 3120 
3 3127 3128 3129 
3 3136 3137 3138 
3 3145 3146 3147 
3 3154 3155 3156 
3 3163 3164 3165 
3 3172 3173 3174 
3 3181 3182 3183 
3 3190 3191 3192 
3 3199 3200 3201 
3 3208 3209 3210 
3 3217 3218 3219 
3 3226 3227 3228 
3 3235 3236 3237 
3 3244 3245 3246 
3 3253 3254 3255 
3 3262 3263 3264 
3 3271 3272 3273 
3 3280 3281 3282 
3 3289 3290 3291 
3 3298 3299 3300 
3 3307 3308 3309 
3 3316 3317 3318 
3 3325 3326 3327 
3 3334 3335 3336 
3 3343 3344 3345 
3 3352 3353 3354 
3 3361 3362 3363 
3 3370 3371 3372 
3 3379 3380 3381 
3 3388 3389 3390 
3 3397 3398 3399 
3 3406 3407 3408 
3 3415 3416 3417 
3 3424 3425 3426 
3 3433 3434 3435 
3 3442 3443 3444 
3 3451 3452 3453 
3 3460 3461 3462 
3 3469 3470 3471 
3 3478 3479 3480 
3 3487 3488 3489 
3 3496 3497 3498 
3 3505 3506 3507 
3 3514 3515 3516 
3 3523 3524 3525 
3 3532 3533 3534 
3 3541 3542 3543 
3 3550 3551 3552 
3 3559 3560 3561 
3 3568 3569 3570 
3 3577 3578 3579 
3 3586 3587 3588 
3 3595 3596 3597 
3 3604 3605 3606 
3 3613 3614 3615 
3 3622 3623 3624 
3 3631 3632 3633 
3 3640 3641 3642 
3 3649 3650 3651 
3 3658 3659 3660 
3 3667 3668 3669 
3 3676 3677 3678 
3 3685 3686 3687 
3 3694 3695 3696 
3 3703 3704 3705 
3 3712 3713 3714 
3 3721 3722 3723 
3 3730 3731 3732 
3 3739 3740 3741 
3 3748 3749 3750 
3 3757 3758 3759 
3 3766 3767 3768 
3 3775 3776 3777 
3 3784 3785 3786 
3 3793 3794 3795 
3 3802 3803 3804 
3 3811 3812 3813 
3 3820 3821 3822 
3 3829 3830 3831 
3 3838 3839 3840 
3 3847 3848 3849 
3 3856 3857 3858 
3 3865 3866 3867 
3 3874 3875 3876 
3 3883 3884 3885 
3 3892 3893 3894 
3 3901 3902 3903 
3 3910 3911 3912 
3 3919 3920 3921 
3 3928 3929 3930 
3 3937 3938 3939 
3 3946 3947 3948 
3 3955 3956 3957 
3 3964 3965 3966 
3 3973 3974 3975 
3 3982 3983 3984 
3 3991 3992 3993 
3 4000 4001 4002 
3 4009 4010 4011 
3 4018 4019 4020 
3 4027 4028 4029 
3 4036 4037 4038 
3 4045 4046 4047 
3 4054 4055 4056 
3 4063 4064 4065 
3 4072 4073 4074 
3 4081 4082 4083 
3 4090 4091 4092 
3 4099 4100 4101 
3 4108 4109 4110 
3 4117 4118 4119 
3 4126 4127 4128 
3 4135 4136 4137 
3 4144 4145 4146 
3 4153 4154 4155 
3 4162 4163 4164 
3 4171 4172 4173 
3 4180 4181 4182 
3 4189 4190 4191 
3 4198 4199 4200 
3 4207 4208 4209 
3 4216 4217 4218 
3 4225 4226 4227 
3 4234 4235 4236 
3 4243 4244 4245 
3 4252 4253 4254 
3 4261 4262 4263 
3 4270 4271 4272 
3 4279 4280 4281 
3 4288 4289 4290 
3 4297 4298 4299 
3 4306 4307 4308 
3 4315 4316 4317 
3 4324 4325 4326 
3 4333 4334 4335 
3 4342 4343 4344 
3 4351 4352 4353 
3 4360 4361 4362 
3 4369 4370 4371 
3 4378 4379 4380 
3 4387 4388 4389 
3 4396 4397 4398 
3 4405 4406 4407 
3 4414 4415 4416 
3 4423 4424 4425 
3 4432 4433 4434 
3 4441 4442 4443 
3 4450 4451 4452 
3 4459 4460 4461 
3 4468 4469 4470 
3 4477 4478 4479 
3 4486 4487 4488 
3 4495 4496 4497 
3 4504 4505 4506 
3 4513 4514 4515 
3 4522 4523 4524 
3 4531 4532 4533 
3 4540 4541 4542 
3 4547 4548 4549 
3 4554 4555 4556 
3 4561 4562 4563 
3 4568 4569 4570 
3 4575 4576 4577 
3 4582 4583 4584 
3 4589 4590 4591 
3 4596 4597 4598 
3 4603 4604 4605 
3 4610 4611 4612 
3 4617 4618 4619 
3 4624 4625 4626 
3 4631 4632 4633 
3 4638 4639 4640 
3 4645 4646 4647 
3 4652 4653 4654 
3 4659 4660 4661 
3 4666 4667 4668 
3 4673 4674 4675 
3 4680 4681 4682 
3 4687 4688 4689 
3 4694 4695 4696 
3 4701 4702 4703 
3 4708 4709 4710 
3 4715 4716 4717 
3 4722 4723 4724 
3 4729 4730 4731 
3 4736 4737 4738 
3 4743 4744 4745 
3 4750 4751 4752 
3 4757 4758 4759 
3 4764 4765 4766 
3 4771 4772 4773 
3 4778 4779 4780 
4 0 1 2 3 
4 9 10 11 12 
4 18 19 20 21 
4 27 28 29 30 
4 36 37 38 39 
4 45 46 47 48 
4 54 55 56 57 
4 63 64 65 66 
4 72 73 74 75 
4 81 82 83 84 
4 90 91 92 93 
4 99 100 101 102 
4 108 109 110 111 
4 117 118 119 120 
4 126 127 128 129 
4 135 136 137 138 
4 144 145 146 147 
4 153 154 155 156 
4 162 163 164 165 
4 171 172 173 174 
4 180 181 182 183 
4 189 190 191 192 
4 198 199 200 201 
4 207 208 209 210 
4 216 217 218 219 
4 225 226 227 228 
4 234 235 236 237 
4 243 244 245 246 
4 252 253 254 255 
4 261 262 263 264 
4 270 271 272 273 
4 279 280 281 282 
4 288 289 290 291 
4 297 298 299 300 
4 306 307 308 309 
4 315 316 317 318 
4 324 325 326 327 
4 333 334 335 336 
4 342 343 344 345 
4 351 352 353 354 
4 360 361 362 363 
4 369 370 371 372 
4 378 379 380 381 
4 387 388 389 390 
4 396 397 398 399 
4 405 406 407 408 
4 414 415 416 417 
4 423 424 425 426 
4 432 433 434 435 
4 441 442 443 444 
4 450 451 452 453 
4 459 460 461 462 
4 468 469 470 471 
4 477 478 479 480 
4 486 487 488 489 
4 495 496 497 498 
4 504 505 506 507 
4 513 514 515 516 
4 522 523 524 525 
4 531 532 533 534 
4 540 541 542 543 
4 549 550 551 552 
4 558 559 560 561 
4 567 568 569 570 
4 576 577 578 579 
4 585 586 587 588 
4 594 595 596 597 
4 603 604 605 606 
4 612 613 614 615 
4 621 622 623 624 
4 630 631 632 633 
4 639 640 641 642 
4 648 649 650 651 
4 657 658 659 660 
4 666 667 668 669 
4 675 676 677 678 
4 684 685 686 687 
4 693 694 695 696 
4 702 703 704 705 
4 711 712 713 714 
4 720 721 722 723 
4 729 730 731 732 
4 738 739 740 741 
4 747 748 749 750 
4 756 757 758 759 
4 765 766 767 768 
4 774 775 776 777 
4 783 784 785 786 
4 792 793 794 795 
4 801 802 803 804 
4 810 811 812 813 
4 819 820 821 822 
4 828 829 830 831 
4 837 838 839 840 
4 846 847 848 849 
4 855 856 857 858 
4 864 865 866 867 
4 873 874 875 876 
4 882 883 884 885 
4 891 892 893 894 
4 900 901 902 903 
4 909 910 911 912 
4 918 919 920 921 
4 927 928 929 930 
4 936 937 938 939 
4 945 946 947 948 
4 954 955 956 957 
4 963 964 965 966 
4 972 973 974 975 
4 981 982 983 984 
4 990 991 992 993 
4 999 1000 1001 1002 
4 1008 1009 1010 1011 
4 1017 1018 1019 1020 
4 1026 1027 1028 1029 
4 1035 1036 1037 1038 
4 1044 1045 1046 1047 
4 1053 1054 1055 1056 
4 1062 1063 1064 1065 
4 1071 1072 1073 1074 
4 1080 1081 1082 1083 
4 1089 1090 1091 1092 
4 1098 1099 1100 1101 
4 1107 1108 1109 1110 
4 1116 1117 1118 1119 
4 1125 1126 1127 1128 
4 1134 1135 1136 1137 
4 1143 1144 1145 1146 
4 1152 1153 1154 1155 
4 1161 1162 1163 1164 
4 1170 1171 1172 1173 
4 1179 1180 1181 1182 
4 1188 1189 1190 1191 
4 1197 1198 1199 1200 
4 1206 1207 1208 1209 
4 1215 1216 1217 1218 
4 1224 1225 1226 1227 
4 1233 1234 1235 1236 
4 1242 1243 1244 1245 
4 1251 1252 1253 1254 
4 1260 1261 1262 1263 
4 1269 1270 1271 1272 
4 1278 1279 1280 1281 
4 1287 1288 1289 1290 
4 1296 1297 1298 1299 
4 1305 1306 1307 1308 
4 1314 1315 1316 1317 
4 1323 1324 1325 1326 
4 1332 1333 1334 1335 
4 1341 1342 1343 1344 
4 1350 1351 1352 1353 
4 1359 1360 1361 1362 
4 1368 1369 1370 1371 
4 1377 1378 1379 1380 
4 1386 1387 1388 1389 
4 1395 1396 1397 1398 
4 1404 1405 1406 1407 
4 1413 1414 1415 1416 
4 1422 1423 1424 1425 
4 1431 1432 1433 1434 
4 1440 1441 1442 1443 
4 1449 1450 1451 1452 
4 1458 1459 1460 1461 
4 1467 1468 1469 1470 
4 1476 1477 1478 1479 
4 1485 1486 1487 1488 
4 1494 1495 1496 1497 
4 1503 1504 1505 1506 
4 1512 1513 1514 1515 
4 1521 1522 1523 1524 
4 1530 1531 1532 1533 
4 1539 1540 1541 1542 
4 1548 1549 1550 1551 
4 1557 1558 1559 1560 
4 1566 1567 1568 1569 
4 1575 1576 1577 1578 
4 1584 1585 1586 1587 
4 1593 1594 1595 1596 
4 1602 1603 1604 1605 
4 1611 1612 1613 1614 
4 1620 1621 1622 1623 
4 1629 1630 1631 1632 
4 1638 1639 1640 1641 
4 1647 1648 1649 1650 
4 1656 1657 1658 1659 
4 1665 1666 1667 1668 
4 1674 1675 1676 1677 
4 1683 1684 1685 1686 
4 1692 1693 1694 1695 
4 1701 1702 1703 1704 
4 1710 1711 1712 1713 
4 1719 1720 1721 1722 
4 1728 1729 1730 1731 
4 1737 1738 1739 1740 
4 1746 1747 1748 1749 
4 1755 1756 1757 1758 
4 1764 1765 1766 1767 
4 1773 1774 1775 1776 
4 1782 1783 1784 1785 
4 1791 1792 1793 1794 
4 1800 1801 1802 1803 
4 1809 1810 1811 1812 
4 1818 1819 1820 1821 
4 1827 1828 1829 1830 
4 1836 1837 1838 1839 
4 1845 1846 1847 1848 
4 1854 1855 1856 1857 
4 1863 1864 1865 1866 
4 1872 1873 1874 1875 
4 1881 1882 1883 1884 
4 1890 1891 1892 1893 
4 1899 1900 1901 1902 
4 1908 1909 1910 1911 
4 1917 1918 1919 1920 
4 1926 1927 1928 1929 
4 1935 1936 1937 1938 
4 1944 1945 1946 1947 
4 1953 1954 1955 1956 
4 1962 1963 1964 1965 
4 1971 1972 1973 1974 
4 1980 1981 1982 1983 
4 1989 1990 1991 1992 
4 1998 1999 2000 2001 
4 2007 2008 2009 2010 
4 2016 2017 2018 2019 
4 2025 2026 2027 2028 
4 2034 2035 2036 2037 
4 2043 2044 2045 2046 
4 2052 2053 2054 2055 
4 2061 2062 2063 2064 
4 2070 2071 2072 2073 
4 2079 2080 2081 2082 
4 2088 2089 2090 2091 
4 2097 2098 2099 2100 
4 2106 2107 2108 2109 
4 2115 2116 2117 2118 
4 2124 2125 2126 2127 
4 2133 2134 2135 2136 
4 2142 2143 2144 2145 
4 2151 2152 2153 2154 
4 2160 2161 2162 2163 
4 2169 2170 2171 2172 
4 2178 2179 2180 2181 
4 2187 2188 2189 2190 
4 2196 2197 2198 2199 
4 2205 2206 2207 2208 
4 2214 2215 2216 2217 
4 2223 2224 2225 2226 
4 2232 2233 2234 2235 
4 2241 2242 2243 2244 
4 2250 2251 2252 2253 
4 2259 2260 2261 2262 
4 2268 2269 2270 2271 
4 2277 2278 2279 2280 
4 2286 2287 2288 2289 
4 2295 2296 2297 2298 
4 2304 2305 2306 2307 
4 2313 2314 2315 2316 
4 2322 2323 2324 2325 
4 2331 2332 2333 2334 
4 2340 2341 2342 2343 
4 2349 2350 2351 2352 
4 2358 2359 2360 2361 
4 2367 2368 2369 2370 
4 2376 2377 2378 2379 
4 2385 2386 2387 2388 
4 2394 2395 2396 2397 
4 2403 2404 2405 2406 
4 2412 2413 2414 2415 
4 2421 2422 2423 2424 
4 2430 2431 2432 2433 
4 2439 2440 2441 2442 
4 2448 2449 2450 2451 
4 2457 2458 2459 2460 
4 2466 2467 2468 2469 
4 2475 2476 2477 2478 
4 2484 2485 2486 2487 
4 2493 2494 2495 2496 
4 2502 2503 2504 2505 
4 2511 2512 2513 2514 
4 2520 2521 2522 2523 
4 2529 2530 2531 2532 
4 2538 2539 2540 2541 
4 2547 2548 2549 2550 
4 2556 2557 2558 2559 
4 2565 2566 2567 2568 
4 2574 2575 2576 2577 
4 2583 2584 2585 2586 
4 2592 2593 2594 2595 
4 2601 2602 2603 2604 
4 2610 2611 2612 2613 
4 2619 2620 2621 2622 
4 2628 2629 2630 2631 
4 2637 2638 2639 2640 
4 2646 2647 2648 2649 
4 2655 2656 2657 2658 
4 2664 2665 2666 2667 
4 2673 2674 2675 2676 
4 2682 2683 2684 2685 
4 2691 2692 2693 2694 
4 2700 2701 2702 2703 
4 2709 2710 2711 2712 
4 2718 2719 2720 2721 
4 2727 2728 2729 2730 
4 2736 2737 2738 2739 
4 2745 2746 2747 2748 
4 2754 2755 2756 2757 
4 2763 2764 2765 2766 
4 2772 2773 2774 2775 
4 2781 2782 2783 2784 
4 2790 2791 2792 2793 
4 2799 2800 2801 2802 
4 2808 2809 2810 2811 
4 2817 2818 2819 2820 
4 2826 2827 2828 2829 
4 2835 2836 2837 2838 
4 2844 2845 2846 2847 
4 2853 2854 2855 2856 
4 2862 2863 2864 2865 
4 2871 2872 2873 2874 
4 2880 2881 2882 2883 
4 2889 2890 2891 2892 
4 2898 2899 2900 2901 
4 2907 2908 2909 2910 
4 2916 2917 2918 2919 
4 2925 2926 2927 2928 
4 2934 2935 2936 2937 
4 2943 2944 2945 2946 
4 2952 2953 2954 2955 
4 2961 2962 2963 2964 
4 2970 2971 2972 2973 
4 2979 2980 2981 2982 
4 2988 2989 2990 2991 
4 2997 2998 2999 3000 
4 3006 3007 3008 3009 
4 3015 3016 3017 3018 
4 3024 3025 3026 3027 
4 3033 3034 3035 3036 
4 3042 3043 3044 3045 
4 3051 3052 3053 3054 
4 3060 3061 3062 3063 
4 3069 3070 3071 3072 
4 3078 3079 3080 3081 
4 3087 3088 3089 3090 
4 3096 3097 3098 3099 
4 3105 3106 3107 3108 
4 3114 3115 3116 3117 
4 3123 3124 3125 3126 
4 3132 3133 3134 3135 
4 3141 3142 3143 3144 
4 3150 3151 3152 3153 
4 3159 3160 3161 3162 
4 3168 3169 3170 3171 
4 3177 3178 3179 3180 
4 3186 3187 3188 3189 
4 3195 3196 3197 3198 
4 3204 3205 3206 3207 
4 3213 3214 3215 3216 
4 3222 3223 3224 3225 
4 3231 3232 3233 3234 
4 3240 3241 3242 3243 
4 3249 3250 3251 3252 
4 3258 3259 3260 3261 
4 3267 3268 3269 3270 
4 3276 3277 3278 3279 
4 3285 3286 3287 3288 
4 3294 3295 3296 3297 
4 3303 3304 3305 3306 
4 3312 3313 3314 3315 
4 3321 3322 3323 3324 
4 3330 3331 3332 3333 
4 3339 3340 3341 3342 
4 3348 3349 3350 3351 
4 3357 3358 3359 3360 
4 3366 3367 3368 3369 
4 3375 3376 3377 3378 
4 3384 3385 3386 3387 
4 3393 3394 3395 3396 
4 3402 3403 3404 3405 
4 3411 3412 3413 3414 
4 3420 3421 3422 3423 
4 3429 3430 3431 3432 
4 3438 3439 3440 3441 
4 3447 3448 3449 3450 
4 3456 3457 3458 3459 
4 3465 3466 3467 3468 
4 3474 3475 3476 3477 
4 3483 3484 3485 3486 
4 3492 3493 3494 3495 
4 3501 3502 3503 3504 
4 3510 3511 3512 3513 
4 3519 3520 3521 3522 
4 3528 3529 3530 3531 
4 3537 3538 3539 3540 
4 3546 3547 3548 3549 
4 3555 3556 3557 3558 
4 3564 3565 3566 3567 
4 3573 3574 3575 3576 
4 3582 3583 3584 3585 
4 3591 3592 3593 3594 
4 3600 3601 3602 3603 
4 3609 3610 3611 3612 
4 3618 3619 3620 3621 
4 3627 3628 3629 3630 
4 3636 3637 3638 3639 
4 3645 3646 3647 3648 
4 3654 3655 3656 3657 
4 3663 3664 3665 3666 
4 3672 3673 3674 3675 
4 3681 3682 3683 3684 
4 3690 3691 3692 3693 
4 3699 3700 3701 3702 
4 3708 3709 3710 3711 
4 3717 3718 3719 3720 
4 3726 3727 3728 3729 
4 3735 3736 3737 3738 
4 3744 3745 3746 3747 
4 3753 3754 3755 3756 
4 3762 3763 3764 3765 
4 3771 3772 3773 3774 
4 3780 3781 3782 3783 
4 3789 3790 3791 3792 
4 3798 3799 3800 3801 
4 3807 3808 3809 3810 
4 3816 3817 3818 3819 
4 3825 3826 3827 3828 
4 3834 3835 3836 3837 
4 3843 3844 3845 3846 
4 3852 3853 3854 3855 
4 3861 3862 3863 3864 
4 3870 3871 3872 3873 
4 3879 3880 3881 3882 
4 3888 3889 3890 3891 
4 3897 3898 3899 3900 
4 3906 3907 3908 3909 
4 3915 3916 3917 3918 
4 3924 3925 3926 3927 
4 3933 3934 3935 3936 
4 3942 3943 3944 3945 
4 3951 3952 3953 3954 
4 3960 3961 3962 3963 
4 3969 3970 3971 3972 
4 3978 3979 3980 3981 
4 3987 3988 3989 3990 
4 3996 3997 3998 3999 
4 4005 4006 4007 4008 
4 4014 4015 4016 4017 
4 4023 4024 4025 4026 
4 4032 4033 4034 4035 
4 4041 4042 4043 4044 
4 4050 4051 4052 4053 
4 4059 4060 4061 4062 
4 4068 4069 4070 4071 
4 4077 4078 4079 4080 
4 4086 4087 4088 4089 
4 4095 4096 4097 4098 
4 4104 4105 4106 4107 
4 4113 4114 4115 4116 
4 4122 4123 4124 4125 
4 4131 4132 4133 4134 
4 4140 4141 4142 4143 
4 4149 4150 4151 4152 
4 4158 4159 4160 4161 
4 4167 4168 4169 4170 
4 4176 4177 4178 4179 
4 4185 4186 4187 4188 
4 4194 4195 4196 4197 
4 4203 4204 4205 4206 
4 4212 4213 4214 4215 
4 4221 4222 4223 4224 
4 4230 4231 4232 4233 
4 4239 4240 4241 4242 
4 4248 4249 4250 4251 
4 4257 4258 4259 4260 
4 4266 4267 4268 4269 
4 4275 4276 4277 4278 
4 4284 4285 4286 4287 
4 4293 4294 4295 4296 
4 4302 4303 4304 4305 
4 4311 4312 4313 4314 
4 4320 4321 4322 4323 
4 4329 4330 4331 4332 
4 4338 4339 4340 4341 
4 4347 4348 4349 4350 
4 4356 4357 4358 4359 
4 4365 4366 4367 4368 
4 4374 4375 4376 4377 
4 4383 4384 4385 4386 
4 4392 4393 4394 4395 
4 4401 4402 4403 4404 
4 4410 4411 4412 4413 
4 4419 4420 4421 4422 
4 4428 4429 4430 4431 
4 4437 4438 4439 4440 
4 4446 4447 4448 4449 
4 4455 4456 4457 4458 
4 4464 4465 4466 4467 
4 4473 4474 4475 4476 
4 4482 4483 4484 4485 
4 4491 4492 4493 4494 
4 4500 4501 4502 4503 
4 4509 4510 4511 4512 
4 4518 4519 4520 4521 
4 4527 4528 4529 4530 
4 4536 4537 4538 4539 
4 4543 4544 4545 4546 
4 4550 4551 4552 4553 
4 4557 4558 4559 4560 
4 4564 4565 4566 4567 
4 4571 4572 4573 4574 
4 4578 4579 4580 4581 
4 4585 4586 4587 4588 
4 4592 4593 4594 4595 
4 4599 4600 4601 4602 
4 4606 4607 4608 4609 
4 4613 4614 4615 4616 
4 4620 4621 4622 4623 
4 4627 4628 4629 4630 
4 4634 4635 4636 4637 
4 4641 4642 4643 4644 
4 4648 4649 4650 4651 
4 4655 4656 4657 4658 
4 4662 4663 4664 4665 
4 4669 4670 4671 4672 
4 4676 4677 4678 4679 
4 4683 4684 4685 4686 
4 4690 4691 4692 4693 
4 4697 4698 4699 4700 
4 4704 4705 4706 4707 
4 4711 4712 4713 4714 
4 4718 4719 4720 4721 
4 4725 4726 4727 4728 
4 4732 4733 4734 4735 
4 4739 4740 4741 4742 
4 4746 4747 4748 4749 
4 4753 4754 4755 4756 
4 4760 4761 4762 4763 
4 4767 4768 4769 4770 
4 4774 4775 4776 4777 
4 4781 4782 4783 4784 
4 4785 4786 4787 4788 
4 4789 4790 4791 4792 
4 4793 4794 4795 4796 
4 4797 4798 4799 4800 
4 4801 4802 4803 4804 
4 4805 4806 4807 4808 
4 4809 4810 4811 4812 
4 4813 4814 4815 4816 
4 4817 4818 4819 4820 
4 4821 4822 4823 4824 
4 4825 4826 4827 4828 
4 4829 4830 4831 4832 
4 4833 4834 4835 4836 
4 4837 4838 4839 4840 
4 4841 4842 4843 4844 
4 4845 4846 4847 4848 
4 4849 4850 4851 4852 
4 4853 4854 4855 4856 
4 4857 4858 4859 4860 
4 4861 4862 4863 4864 
4 4865 4866 4867 4868 
4 4869 4870 4871 4872 
4 4873 4874 4875 4876 
4 4877 4878 4879 4880 
4 4881 4882 4883 4884 
4 4885 4886 4887 4888 
4 4889 4890 4891 4892 
4 4893 4894 4895 4896 
4 4897 4898 4899 4900 
4 4901 4902 4903 4904 
4 4905 4906 4907 4908 
4 4909 4910 4911 4912 
4 4913 4914 4915 4916 
4 4917 4918 4919 4920 
4 4921 4922 4923 4924 
4 4925 4926 4927 4928 
4 4929 4930 4931 4932 
4 4933 4934 4935 4936 
4 4937 4938 4939 4940 
4 4941 4942 4943 4944 
4 4945 4946 4947 4948 
4 4949 4950 4951 4952 
4 4953 4954 4955 4956 
4 4957 4958 4959 4960 
4 4961 4962 4963 4964 
